  Mesh.cpp
C:\Users\George\Documents\Facultate\S3D\OpenGL_Aquarium\ViewOBJModel\ViewOBJModel\Texture.h(7,23): warning C4129: 'l': unrecognized character escape sequence
  (compiling source file 'Mesh.cpp')
  
C:\Users\George\Documents\Facultate\S3D\OpenGL_Aquarium\ViewOBJModel\ViewOBJModel\Texture.h(7,23): warning C4129: 'V': unrecognized character escape sequence
  (compiling source file 'Mesh.cpp')
  
C:\Users\George\Documents\Facultate\S3D\OpenGL_Aquarium\ViewOBJModel\ViewOBJModel\Texture.h(7,23): warning C4129: 'M': unrecognized character escape sequence
  (compiling source file 'Mesh.cpp')
  
C:\Users\George\Documents\Facultate\S3D\OpenGL_Aquarium\ViewOBJModel\ViewOBJModel\Texture.h(7,23): warning C4129: 'P': unrecognized character escape sequence
  (compiling source file 'Mesh.cpp')
  
C:\Users\George\Documents\Facultate\S3D\OpenGL_Aquarium\ViewOBJModel\ViewOBJModel\Texture.h(7,23): warning C4129: 'p': unrecognized character escape sequence
  (compiling source file 'Mesh.cpp')
  
C:\Users\George\Documents\Facultate\S3D\OpenGL_Aquarium\ViewOBJModel\ViewOBJModel\Mesh.cpp(8,31): warning C4267: '=': conversion from 'size_t' to 'unsigned int', possible loss of data
C:\Users\George\Documents\Facultate\S3D\OpenGL_Aquarium\ViewOBJModel\ViewOBJModel\Mesh.cpp(17,29): warning C4267: '=': conversion from 'size_t' to 'unsigned int', possible loss of data
  Model.cpp
C:\Users\George\Documents\Facultate\S3D\OpenGL_Aquarium\ViewOBJModel\ViewOBJModel\Texture.h(7,23): warning C4129: 'l': unrecognized character escape sequence
  (compiling source file 'Model.cpp')
  
C:\Users\George\Documents\Facultate\S3D\OpenGL_Aquarium\ViewOBJModel\ViewOBJModel\Texture.h(7,23): warning C4129: 'V': unrecognized character escape sequence
  (compiling source file 'Model.cpp')
  
C:\Users\George\Documents\Facultate\S3D\OpenGL_Aquarium\ViewOBJModel\ViewOBJModel\Texture.h(7,23): warning C4129: 'M': unrecognized character escape sequence
  (compiling source file 'Model.cpp')
  
C:\Users\George\Documents\Facultate\S3D\OpenGL_Aquarium\ViewOBJModel\ViewOBJModel\Texture.h(7,23): warning C4129: 'P': unrecognized character escape sequence
  (compiling source file 'Model.cpp')
  
C:\Users\George\Documents\Facultate\S3D\OpenGL_Aquarium\ViewOBJModel\ViewOBJModel\Texture.h(7,23): warning C4129: 'p': unrecognized character escape sequence
  (compiling source file 'Model.cpp')
  
C:\Users\George\Documents\Facultate\S3D\OpenGL_Aquarium\ViewOBJModel\ViewOBJModel\Model.cpp(163,42): warning C4129: 'l': unrecognized character escape sequence
C:\Users\George\Documents\Facultate\S3D\OpenGL_Aquarium\ViewOBJModel\ViewOBJModel\Model.cpp(163,42): warning C4129: 'V': unrecognized character escape sequence
C:\Users\George\Documents\Facultate\S3D\OpenGL_Aquarium\ViewOBJModel\ViewOBJModel\Model.cpp(163,42): warning C4129: 'M': unrecognized character escape sequence
C:\Users\George\Documents\Facultate\S3D\OpenGL_Aquarium\ViewOBJModel\ViewOBJModel\Model.cpp(163,42): warning C4129: 'P': unrecognized character escape sequence
C:\Users\George\Documents\Facultate\S3D\OpenGL_Aquarium\ViewOBJModel\ViewOBJModel\Model.cpp(163,42): warning C4129: 'p': unrecognized character escape sequence
C:\Users\George\Documents\Facultate\S3D\OpenGL_Aquarium\ViewOBJModel\ViewOBJModel\Model.cpp(165,28): warning C4129: 'l': unrecognized character escape sequence
C:\Users\George\Documents\Facultate\S3D\OpenGL_Aquarium\ViewOBJModel\ViewOBJModel\Model.cpp(165,28): warning C4129: 'V': unrecognized character escape sequence
C:\Users\George\Documents\Facultate\S3D\OpenGL_Aquarium\ViewOBJModel\ViewOBJModel\Model.cpp(165,28): warning C4129: 'M': unrecognized character escape sequence
C:\Users\George\Documents\Facultate\S3D\OpenGL_Aquarium\ViewOBJModel\ViewOBJModel\Model.cpp(165,28): warning C4129: 'P': unrecognized character escape sequence
C:\Users\George\Documents\Facultate\S3D\OpenGL_Aquarium\ViewOBJModel\ViewOBJModel\Model.cpp(165,28): warning C4129: 'p': unrecognized character escape sequence
  Shader.cpp
  ViewOBJModel.cpp
C:\Users\George\Documents\Facultate\S3D\OpenGL_Aquarium\ViewOBJModel\ViewOBJModel\Texture.h(7,23): warning C4129: 'l': unrecognized character escape sequence
  (compiling source file 'ViewOBJModel.cpp')
  
C:\Users\George\Documents\Facultate\S3D\OpenGL_Aquarium\ViewOBJModel\ViewOBJModel\Texture.h(7,23): warning C4129: 'V': unrecognized character escape sequence
  (compiling source file 'ViewOBJModel.cpp')
  
C:\Users\George\Documents\Facultate\S3D\OpenGL_Aquarium\ViewOBJModel\ViewOBJModel\Texture.h(7,23): warning C4129: 'M': unrecognized character escape sequence
  (compiling source file 'ViewOBJModel.cpp')
  
C:\Users\George\Documents\Facultate\S3D\OpenGL_Aquarium\ViewOBJModel\ViewOBJModel\Texture.h(7,23): warning C4129: 'P': unrecognized character escape sequence
  (compiling source file 'ViewOBJModel.cpp')
  
C:\Users\George\Documents\Facultate\S3D\OpenGL_Aquarium\ViewOBJModel\ViewOBJModel\Texture.h(7,23): warning C4129: 'p': unrecognized character escape sequence
  (compiling source file 'ViewOBJModel.cpp')
  
C:\Users\George\Documents\Facultate\S3D\OpenGL_Aquarium\ViewOBJModel\ViewOBJModel\ViewOBJModel.cpp(402,20): warning C4244: '=': conversion from 'double' to 'T', possible loss of data
C:\Users\George\Documents\Facultate\S3D\OpenGL_Aquarium\ViewOBJModel\ViewOBJModel\ViewOBJModel.cpp(402,20): warning C4244:         with
C:\Users\George\Documents\Facultate\S3D\OpenGL_Aquarium\ViewOBJModel\ViewOBJModel\ViewOBJModel.cpp(402,20): warning C4244:         [
C:\Users\George\Documents\Facultate\S3D\OpenGL_Aquarium\ViewOBJModel\ViewOBJModel\ViewOBJModel.cpp(402,20): warning C4244:             T=float
C:\Users\George\Documents\Facultate\S3D\OpenGL_Aquarium\ViewOBJModel\ViewOBJModel\ViewOBJModel.cpp(402,20): warning C4244:         ]
C:\Users\George\Documents\Facultate\S3D\OpenGL_Aquarium\ViewOBJModel\ViewOBJModel\ViewOBJModel.cpp(403,20): warning C4244: '=': conversion from 'double' to 'T', possible loss of data
C:\Users\George\Documents\Facultate\S3D\OpenGL_Aquarium\ViewOBJModel\ViewOBJModel\ViewOBJModel.cpp(403,20): warning C4244:         with
C:\Users\George\Documents\Facultate\S3D\OpenGL_Aquarium\ViewOBJModel\ViewOBJModel\ViewOBJModel.cpp(403,20): warning C4244:         [
C:\Users\George\Documents\Facultate\S3D\OpenGL_Aquarium\ViewOBJModel\ViewOBJModel\ViewOBJModel.cpp(403,20): warning C4244:             T=float
C:\Users\George\Documents\Facultate\S3D\OpenGL_Aquarium\ViewOBJModel\ViewOBJModel\ViewOBJModel.cpp(403,20): warning C4244:         ]
  Generating Code...
LINK : fatal error LNK1104: cannot open file 'glew32.lib'
